<?xml version="1.0" encoding="UTF-8"?>
<testsuite name="TwoferTest" tests="4" skipped="0" failures="0" errors="0" timestamp="2021-03-28T02:43:20" hostname="MacBook-Pro-3.lan" time="0.008">
  <properties/>
  <testcase name="noNameGiven" classname="TwoferTest" time="0.002"/>
  <testcase name="emptyStringIsNotTheSameAsNull" classname="TwoferTest" time="0.006"/>
  <testcase name="aNameGiven" classname="TwoferTest" time="0.0"/>
  <testcase name="anotherNameGiven" classname="TwoferTest" time="0.0"/>
  <system-out><![CDATA[]]></system-out>
  <system-err><![CDATA[]]></system-err>
</testsuite>
